# JRE version: OpenJDK Runtime Environment Temurin-21.0.10+7 (21.0.10+7) (build 21.0.10+7-LTS)
# Java VM: OpenJDK 64-Bit Server VM Temurin-21.0.10+7 (21.0.10+7-LTS, mixed mode, sharing, tiered, compressed oops, compressed class ptrs, parallel gc, windows-amd64)
GC Precious Log:
 CardTable entry size: 512
 CPUs: 12 total, 12 available
 Memory: 7518M
 Large Page Support: Disabled
 NUMA Support: Disabled
 Compressed Oops: Enabled (32-bit)
 Alignments: Space 512K, Generation 512K, Heap 2M
 Heap Min Capacity: 100M
 Heap Initial Capacity: 100M
 Heap Max Capacity: 2G
 Pre-touch: Disabled
 Parallel Workers: 10
Heap:
 PSYoungGen      total 16896K, used 2342K [0x00000000d5580000, 0x00000000d6b00000, 0x0000000100000000)
  eden space 14848K, 5% used [0x00000000d5580000,0x00000000d56471c8,0x00000000d6400000)
  from space 2048K, 75% used [0x00000000d6400000,0x00000000d6582910,0x00000000d6600000)
  to   space 3072K, 0% used [0x00000000d6800000,0x00000000d6800000,0x00000000d6b00000)
 ParOldGen       total 1112576K, used 1112191K [0x0000000080000000, 0x00000000c3e80000, 0x00000000d5580000)
  object space 1112576K, 99% used [0x0000000080000000,0x00000000c3e1fd38,0x00000000c3e80000)
 Metaspace       used 92685K, committed 94528K, reserved 1179648K
  class space    used 9223K, committed 10048K, reserved 1048576K
GC Heap History (20 events):
Event: 6488.063 GC heap before
{Heap before GC invocations=2809 (full 6):
 PSYoungGen      total 20480K, used 20463K [0x00000000d5580000, 0x00000000d7b80000, 0x0000000100000000)
  eden space 18432K, 100% used [0x00000000d5580000,0x00000000d6780000,0x00000000d6780000)
  from space 2048K, 99% used [0x00000000d6800000,0x00000000d69fbe28,0x00000000d6a00000)
  to   space 10240K, 0% used [0x00000000d7180000,0x00000000d7180000,0x00000000d7b80000)
 ParOldGen       total 1094656K, used 1094271K [0x0000000080000000, 0x00000000c2d00000, 0x00000000d5580000)
  object space 1094656K, 99% used [0x0000000080000000,0x00000000c2c9feb0,0x00000000c2d00000)
 Metaspace       used 92526K, committed 94400K, reserved 1179648K
  class space    used 9223K, committed 10048K, reserved 1048576K
}
Event: 6488.254 GC heap after
{Heap after GC invocations=2809 (full 6):
 PSYoungGen      total 20480K, used 1641K [0x00000000d5580000, 0x00000000d7380000, 0x0000000100000000)
  eden space 18432K, 0% used [0x00000000d5580000,0x00000000d5580000,0x00000000d6780000)
  from space 2048K, 80% used [0x00000000d7180000,0x00000000d731a460,0x00000000d7380000)
  to   space 4608K, 0% used [0x00000000d6a80000,0x00000000d6a80000,0x00000000d6f00000)
 ParOldGen       total 1094656K, used 1094351K [0x0000000080000000, 0x00000000c2d00000, 0x00000000d5580000)
  object space 1094656K, 99% used [0x0000000080000000,0x00000000c2cb3eb0,0x00000000c2d00000)
 Metaspace       used 92526K, committed 94400K, reserved 1179648K
  class space    used 9223K, committed 10048K, reserved 1048576K
}
Event: 6488.371 GC heap before
{Heap before GC invocations=2810 (full 6):
 PSYoungGen      total 20480K, used 20073K [0x00000000d5580000, 0x00000000d7380000, 0x0000000100000000)
  eden space 18432K, 100% used [0x00000000d5580000,0x00000000d6780000,0x00000000d6780000)
  from space 2048K, 80% used [0x00000000d7180000,0x00000000d731a460,0x00000000d7380000)
  to   space 4608K, 0% used [0x00000000d6a80000,0x00000000d6a80000,0x00000000d6f00000)
 ParOldGen       total 1094656K, used 1094351K [0x0000000080000000, 0x00000000c2d00000, 0x00000000d5580000)
  object space 1094656K, 99% used [0x0000000080000000,0x00000000c2cb3eb0,0x00000000c2d00000)
 Metaspace       used 92526K, committed 94400K, reserved 1179648K
  class space    used 9223K, committed 10048K, reserved 1048576K
}
Event: 6488.379 GC heap after
{Heap after GC invocations=2810 (full 6):
 PSYoungGen      total 21504K, used 3028K [0x00000000d5580000, 0x00000000d7200000, 0x0000000100000000)
  eden space 18432K, 0% used [0x00000000d5580000,0x00000000d5580000,0x00000000d6780000)
  from space 3072K, 98% used [0x00000000d6a80000,0x00000000d6d75240,0x00000000d6d80000)
  to   space 3584K, 0% used [0x00000000d6e80000,0x00000000d6e80000,0x00000000d7200000)
 ParOldGen       total 1096192K, used 1095867K [0x0000000080000000, 0x00000000c2e80000, 0x00000000d5580000)
  object space 1096192K, 99% used [0x0000000080000000,0x00000000c2e2ec68,0x00000000c2e80000)
 Metaspace       used 92526K, committed 94400K, reserved 1179648K
  class space    used 9223K, committed 10048K, reserved 1048576K
}
Event: 6488.576 GC heap before
{Heap before GC invocations=2811 (full 6):
 PSYoungGen      total 21504K, used 21460K [0x00000000d5580000, 0x00000000d7200000, 0x0000000100000000)
  eden space 18432K, 100% used [0x00000000d5580000,0x00000000d6780000,0x00000000d6780000)
  from space 3072K, 98% used [0x00000000d6a80000,0x00000000d6d75240,0x00000000d6d80000)
  to   space 3584K, 0% used [0x00000000d6e80000,0x00000000d6e80000,0x00000000d7200000)
 ParOldGen       total 1096192K, used 1095867K [0x0000000080000000, 0x00000000c2e80000, 0x00000000d5580000)
  object space 1096192K, 99% used [0x0000000080000000,0x00000000c2e2ec68,0x00000000c2e80000)
 Metaspace       used 92538K, committed 94400K, reserved 1179648K
  class space    used 9223K, committed 10048K, reserved 1048576K
}
Event: 6488.583 GC heap after
{Heap after GC invocations=2811 (full 6):
 PSYoungGen      total 21504K, used 2656K [0x00000000d5580000, 0x00000000d7180000, 0x0000000100000000)
  eden space 18432K, 0% used [0x00000000d5580000,0x00000000d5580000,0x00000000d6780000)
  from space 3072K, 86% used [0x00000000d6e80000,0x00000000d7118040,0x00000000d7180000)
  to   space 3072K, 0% used [0x00000000d6a80000,0x00000000d6a80000,0x00000000d6d80000)
 ParOldGen       total 1098752K, used 1098606K [0x0000000080000000, 0x00000000c3100000, 0x00000000d5580000)
  object space 1098752K, 99% used [0x0000000080000000,0x00000000c30db8f8,0x00000000c3100000)
 Metaspace       used 92538K, committed 94400K, reserved 1179648K
  class space    used 9223K, committed 10048K, reserved 1048576K
}
Event: 6488.687 GC heap before
{Heap before GC invocations=2812 (full 6):
 PSYoungGen      total 21504K, used 21088K [0x00000000d5580000, 0x00000000d7180000, 0x0000000100000000)
  eden space 18432K, 100% used [0x00000000d5580000,0x00000000d6780000,0x00000000d6780000)
  from space 3072K, 86% used [0x00000000d6e80000,0x00000000d7118040,0x00000000d7180000)
  to   space 3072K, 0% used [0x00000000d6a80000,0x00000000d6a80000,0x00000000d6d80000)
 ParOldGen       total 1098752K, used 1098606K [0x0000000080000000, 0x00000000c3100000, 0x00000000d5580000)
  object space 1098752K, 99% used [0x0000000080000000,0x00000000c30db8f8,0x00000000c3100000)
 Metaspace       used 92543K, committed 94400K, reserved 1179648K
  class space    used 9223K, committed 10048K, reserved 1048576K
}
Event: 6488.694 GC heap after
{Heap after GC invocations=2812 (full 6):
 PSYoungGen      total 21504K, used 2772K [0x00000000d5580000, 0x00000000d6f00000, 0x0000000100000000)
  eden space 18432K, 0% used [0x00000000d5580000,0x00000000d5580000,0x00000000d6780000)
  from space 3072K, 90% used [0x00000000d6a80000,0x00000000d6d35260,0x00000000d6d80000)
  to   space 1536K, 0% used [0x00000000d6d80000,0x00000000d6d80000,0x00000000d6f00000)
 ParOldGen       total 1101312K, used 1100895K [0x0000000080000000, 0x00000000c3380000, 0x00000000d5580000)
  object space 1101312K, 99% used [0x0000000080000000,0x00000000c3317e60,0x00000000c3380000)
 Metaspace       used 92543K, committed 94400K, reserved 1179648K
  class space    used 9223K, committed 10048K, reserved 1048576K
}
Event: 6494.087 GC heap before
{Heap before GC invocations=2813 (full 6):
 PSYoungGen      total 21504K, used 21204K [0x00000000d5580000, 0x00000000d6f00000, 0x0000000100000000)
  eden space 18432K, 100% used [0x00000000d5580000,0x00000000d6780000,0x00000000d6780000)
  from space 3072K, 90% used [0x00000000d6a80000,0x00000000d6d35260,0x00000000d6d80000)
  to   space 1536K, 0% used [0x00000000d6d80000,0x00000000d6d80000,0x00000000d6f00000)
 ParOldGen       total 1101312K, used 1100895K [0x0000000080000000, 0x00000000c3380000, 0x00000000d5580000)
  object space 1101312K, 99% used [0x0000000080000000,0x00000000c3317e60,0x00000000c3380000)
 Metaspace       used 92619K, committed 94464K, reserved 1179648K
  class space    used 9223K, committed 10048K, reserved 1048576K
}
Event: 6494.103 GC heap after
{Heap after GC invocations=2813 (full 6):
 PSYoungGen      total 19968K, used 1520K [0x00000000d5580000, 0x00000000d7180000, 0x0000000100000000)
  eden space 18432K, 0% used [0x00000000d5580000,0x00000000d5580000,0x00000000d6780000)
  from space 1536K, 98% used [0x00000000d6d80000,0x00000000d6efc070,0x00000000d6f00000)
  to   space 5120K, 0% used [0x00000000d6780000,0x00000000d6780000,0x00000000d6c80000)
 ParOldGen       total 1104384K, used 1103917K [0x0000000080000000, 0x00000000c3680000, 0x00000000d5580000)
  object space 1104384K, 99% used [0x0000000080000000,0x00000000c360b650,0x00000000c3680000)
 Metaspace       used 92619K, committed 94464K, reserved 1179648K
  class space    used 9223K, committed 10048K, reserved 1048576K
}
Event: 6518.771 GC heap before
{Heap before GC invocations=2814 (full 6):
 PSYoungGen      total 19968K, used 19949K [0x00000000d5580000, 0x00000000d7180000, 0x0000000100000000)
  eden space 18432K, 99% used [0x00000000d5580000,0x00000000d677f498,0x00000000d6780000)
  from space 1536K, 98% used [0x00000000d6d80000,0x00000000d6efc070,0x00000000d6f00000)
  to   space 5120K, 0% used [0x00000000d6780000,0x00000000d6780000,0x00000000d6c80000)
 ParOldGen       total 1104384K, used 1103917K [0x0000000080000000, 0x00000000c3680000, 0x00000000d5580000)
  object space 1104384K, 99% used [0x0000000080000000,0x00000000c360b650,0x00000000c3680000)
 Metaspace       used 92645K, committed 94464K, reserved 1179648K
  class space    used 9223K, committed 10048K, reserved 1048576K
}
Event: 6518.780 GC heap after
{Heap after GC invocations=2814 (full 6):
 PSYoungGen      total 20480K, used 1780K [0x00000000d5580000, 0x00000000d6e00000, 0x0000000100000000)
  eden space 18432K, 0% used [0x00000000d5580000,0x00000000d5580000,0x00000000d6780000)
  from space 2048K, 86% used [0x00000000d6780000,0x00000000d693d260,0x00000000d6980000)
  to   space 3072K, 0% used [0x00000000d6b00000,0x00000000d6b00000,0x00000000d6e00000)
 ParOldGen       total 1105920K, used 1105422K [0x0000000080000000, 0x00000000c3800000, 0x00000000d5580000)
  object space 1105920K, 99% used [0x0000000080000000,0x00000000c3783b90,0x00000000c3800000)
 Metaspace       used 92645K, committed 94464K, reserved 1179648K
  class space    used 9223K, committed 10048K, reserved 1048576K
}
Event: 6519.498 GC heap before
{Heap before GC invocations=2815 (full 6):
 PSYoungGen      total 20480K, used 20212K [0x00000000d5580000, 0x00000000d6e00000, 0x0000000100000000)
  eden space 18432K, 99% used [0x00000000d5580000,0x00000000d677ffd0,0x00000000d6780000)
  from space 2048K, 86% used [0x00000000d6780000,0x00000000d693d260,0x00000000d6980000)
  to   space 3072K, 0% used [0x00000000d6b00000,0x00000000d6b00000,0x00000000d6e00000)
 ParOldGen       total 1105920K, used 1105422K [0x0000000080000000, 0x00000000c3800000, 0x00000000d5580000)
  object space 1105920K, 99% used [0x0000000080000000,0x00000000c3783b90,0x00000000c3800000)
 Metaspace       used 92651K, committed 94464K, reserved 1179648K
  class space    used 9223K, committed 10048K, reserved 1048576K
}
Event: 6519.501 GC heap after
{Heap after GC invocations=2815 (full 6):
 PSYoungGen      total 19456K, used 698K [0x00000000d5580000, 0x00000000d6c00000, 0x0000000100000000)
  eden space 18432K, 0% used [0x00000000d5580000,0x00000000d5580000,0x00000000d6780000)
  from space 1024K, 68% used [0x00000000d6b00000,0x00000000d6bae900,0x00000000d6c00000)
  to   space 1536K, 0% used [0x00000000d6900000,0x00000000d6900000,0x00000000d6a80000)
 ParOldGen       total 1107456K, used 1107035K [0x0000000080000000, 0x00000000c3980000, 0x00000000d5580000)
  object space 1107456K, 99% used [0x0000000080000000,0x00000000c3916e00,0x00000000c3980000)
 Metaspace       used 92651K, committed 94464K, reserved 1179648K
  class space    used 9223K, committed 10048K, reserved 1048576K
}
Event: 6519.699 GC heap before
{Heap before GC invocations=2816 (full 6):
 PSYoungGen      total 19456K, used 19130K [0x00000000d5580000, 0x00000000d6c00000, 0x0000000100000000)
  eden space 18432K, 100% used [0x00000000d5580000,0x00000000d6780000,0x00000000d6780000)
  from space 1024K, 68% used [0x00000000d6b00000,0x00000000d6bae900,0x00000000d6c00000)
  to   space 1536K, 0% used [0x00000000d6900000,0x00000000d6900000,0x00000000d6a80000)
 ParOldGen       total 1107456K, used 1107035K [0x0000000080000000, 0x00000000c3980000, 0x00000000d5580000)
  object space 1107456K, 99% used [0x0000000080000000,0x00000000c3916e00,0x00000000c3980000)
 Metaspace       used 92652K, committed 94464K, reserved 1179648K
  class space    used 9223K, committed 10048K, reserved 1048576K
}
Event: 6519.704 GC heap after
{Heap after GC invocations=2816 (full 6):
 PSYoungGen      total 19968K, used 708K [0x00000000d5580000, 0x00000000d6b80000, 0x0000000100000000)
  eden space 18432K, 0% used [0x00000000d5580000,0x00000000d5580000,0x00000000d6780000)
  from space 1536K, 46% used [0x00000000d6900000,0x00000000d69b1210,0x00000000d6a80000)
  to   space 1024K, 0% used [0x00000000d6a80000,0x00000000d6a80000,0x00000000d6b80000)
 ParOldGen       total 1107968K, used 1107560K [0x0000000080000000, 0x00000000c3a00000, 0x00000000d5580000)
  object space 1107968K, 99% used [0x0000000080000000,0x00000000c399a000,0x00000000c3a00000)
 Metaspace       used 92652K, committed 94464K, reserved 1179648K
  class space    used 9223K, committed 10048K, reserved 1048576K
}
Event: 6592.389 GC heap before
{Heap before GC invocations=2817 (full 6):
 PSYoungGen      total 19968K, used 19128K [0x00000000d5580000, 0x00000000d6b80000, 0x0000000100000000)
  eden space 18432K, 99% used [0x00000000d5580000,0x00000000d677cf48,0x00000000d6780000)
  from space 1536K, 46% used [0x00000000d6900000,0x00000000d69b1210,0x00000000d6a80000)
  to   space 1024K, 0% used [0x00000000d6a80000,0x00000000d6a80000,0x00000000d6b80000)
 ParOldGen       total 1107968K, used 1107560K [0x0000000080000000, 0x00000000c3a00000, 0x00000000d5580000)
  object space 1107968K, 99% used [0x0000000080000000,0x00000000c399a000,0x00000000c3a00000)
 Metaspace       used 92656K, committed 94464K, reserved 1179648K
  class space    used 9223K, committed 10048K, reserved 1048576K
}
Event: 6592.393 GC heap after
{Heap after GC invocations=2817 (full 6):
 PSYoungGen      total 15872K, used 1019K [0x00000000d5580000, 0x00000000d7480000, 0x0000000100000000)
  eden space 14848K, 0% used [0x00000000d5580000,0x00000000d5580000,0x00000000d6400000)
  from space 1024K, 99% used [0x00000000d6a80000,0x00000000d6b7ef00,0x00000000d6b80000)
  to   space 6656K, 0% used [0x00000000d6400000,0x00000000d6400000,0x00000000d6a80000)
 ParOldGen       total 1112064K, used 1112055K [0x0000000080000000, 0x00000000c3e00000, 0x00000000d5580000)
  object space 1112064K, 99% used [0x0000000080000000,0x00000000c3dfdd38,0x00000000c3e00000)
 Metaspace       used 92656K, committed 94464K, reserved 1179648K
  class space    used 9223K, committed 10048K, reserved 1048576K
}
Event: 6663.069 GC heap before
{Heap before GC invocations=2818 (full 6):
 PSYoungGen      total 15872K, used 15867K [0x00000000d5580000, 0x00000000d7480000, 0x0000000100000000)
  eden space 14848K, 100% used [0x00000000d5580000,0x00000000d6400000,0x00000000d6400000)
  from space 1024K, 99% used [0x00000000d6a80000,0x00000000d6b7ef00,0x00000000d6b80000)
  to   space 6656K, 0% used [0x00000000d6400000,0x00000000d6400000,0x00000000d6a80000)
 ParOldGen       total 1112064K, used 1112055K [0x0000000080000000, 0x00000000c3e00000, 0x00000000d5580000)
  object space 1112064K, 99% used [0x0000000080000000,0x00000000c3dfdd38,0x00000000c3e00000)
 Metaspace       used 92660K, committed 94528K, reserved 1179648K
  class space    used 9223K, committed 10048K, reserved 1048576K
}
Event: 6663.251 GC heap after
{Heap after GC invocations=2818 (full 6):
 PSYoungGen      total 16896K, used 1546K [0x00000000d5580000, 0x00000000d6b00000, 0x0000000100000000)
  eden space 14848K, 0% used [0x00000000d5580000,0x00000000d5580000,0x00000000d6400000)
  from space 2048K, 75% used [0x00000000d6400000,0x00000000d6582910,0x00000000d6600000)
  to   space 3072K, 0% used [0x00000000d6800000,0x00000000d6800000,0x00000000d6b00000)
 ParOldGen       total 1112576K, used 1112191K [0x0000000080000000, 0x00000000c3e80000, 0x00000000d5580000)
  object space 1112576K, 99% used [0x0000000080000000,0x00000000c3e1fd38,0x00000000c3e80000)
 Metaspace       used 92660K, committed 94528K, reserved 1179648K
  class space    used 9223K, committed 10048K, reserved 1048576K
}

